1632402093244:forecast kyiv
1632402791998:help
1632402799214:today kyiv
1632402987000:help
1632403003256:forecast kyiv
1632404304649:today dnipro
1632404318013:help
1632404428375:today kyiv
1632404442087:today dnipro
1632404462165:forty-days kyiv
1632466064098:help
1632466071608:forty-days
1632466083808:forty-days dnipro
1632466369083:help
1632466415741:1 kyiv
1632466421990:2
1632466425671:2 kyiv
1632470428629:help
1632470430623:1
1632470433906:1 kyiv
1632470523547:help
1632470529291:1 kyiv
1632470671924:hwlp
1632470675738:help
1632470681621:1 kyiv
1632470831268:help
1632470842412:2 dnipro
1632470912098:1 kyiv
1632470996773:2 dnipro
1632471535372:help
1632471541034:2 dnipro
1632472252686:1 kyiv
1632472279110:2 dnipro
1632472284316:1 kyiv
1632472460345:2 kyiv
1632472465068:exit
1632472981035:2 kyiv
1632472995149:1 dnipro
1632475137825:help
1632475144967:2 kyiv
1632475157349:1 kyiv
1632475163998:2 new york
1632475172154:new-york
1632475218502:2 chicago
1632475233847:2 new-york
1632475256334:2 new-york-city
1632475283374:2 detroit
1632475291926:2 dallas
1632475302254:2 LA
1632475316383:2 los-angeles
1632475333791:2 los angeles
1632475341614:2losangeles
1632475353160:2 losangeles
1632475418761:2 london
1632475458694:2 New York
1632475476358:2 New-York
1632903200052:help
1632903207214:2 kyiv
1633075586758:help
1633075593291:2 kyiv
1633075600129:quit
1633075698095:help
1633075769434:exit
1633077745171:help
1633077751953:2 kyiv
1633077760784:1 kyiv
